2016-05-18 00:29:27 ERROR http-nio-8080-exec-4 WorkDatabase:ttttttttttttttttttttt:469 - Error in Statement
java.sql.SQLException: ORA-00918: column ambiguously defined

	at oracle.jdbc.driver.DatabaseError.throwSqlException(DatabaseError.java:124)
	at oracle.jdbc.driver.T4CTTIoer.processError(T4CTTIoer.java:315)
	at oracle.jdbc.driver.T4CTTIoer.processError(T4CTTIoer.java:281)
	at oracle.jdbc.driver.T4C8Oall.receive(T4C8Oall.java:638)
	at oracle.jdbc.driver.T4CStatement.doOall8(T4CStatement.java:112)
	at oracle.jdbc.driver.T4CStatement.execute_for_describe(T4CStatement.java:430)
	at oracle.jdbc.driver.OracleStatement.execute_maybe_describe(OracleStatement.java:964)
	at oracle.jdbc.driver.T4CStatement.execute_maybe_describe(T4CStatement.java:462)
	at oracle.jdbc.driver.OracleStatement.doExecuteWithTimeout(OracleStatement.java:1050)
	at oracle.jdbc.driver.OracleStatement.executeQuery(OracleStatement.java:1183)
	at database.WorkDatabase.ttttttttttttttttttttt(WorkDatabase.java:463)
	at quizar.ChoiceSubject.doPost(ChoiceSubject.java:29)
	at javax.servlet.http.HttpServlet.service(HttpServlet.java:648)
	at javax.servlet.http.HttpServlet.service(HttpServlet.java:729)
	at org.apache.catalina.core.ApplicationFilterChain.internalDoFilter(ApplicationFilterChain.java:230)
	at org.apache.catalina.core.ApplicationFilterChain.doFilter(ApplicationFilterChain.java:165)
	at org.apache.tomcat.websocket.server.WsFilter.doFilter(WsFilter.java:53)
	at org.apache.catalina.core.ApplicationFilterChain.internalDoFilter(ApplicationFilterChain.java:192)
	at org.apache.catalina.core.ApplicationFilterChain.doFilter(ApplicationFilterChain.java:165)
	at filter.CharsetFilter.doFilter(CharsetFilter.java:41)
	at org.apache.catalina.core.ApplicationFilterChain.internalDoFilter(ApplicationFilterChain.java:192)
	at org.apache.catalina.core.ApplicationFilterChain.doFilter(ApplicationFilterChain.java:165)
	at org.apache.catalina.core.StandardWrapperValve.invoke(StandardWrapperValve.java:199)
	at org.apache.catalina.core.StandardContextValve.invoke(StandardContextValve.java:108)
	at org.apache.catalina.authenticator.AuthenticatorBase.invoke(AuthenticatorBase.java:522)
	at org.apache.catalina.core.StandardHostValve.invoke(StandardHostValve.java:140)
	at org.apache.catalina.valves.ErrorReportValve.invoke(ErrorReportValve.java:79)
	at org.apache.catalina.valves.AbstractAccessLogValve.invoke(AbstractAccessLogValve.java:620)
	at org.apache.catalina.core.StandardEngineValve.invoke(StandardEngineValve.java:87)
	at org.apache.catalina.connector.CoyoteAdapter.service(CoyoteAdapter.java:343)
	at org.apache.coyote.http11.Http11Processor.service(Http11Processor.java:1096)
	at org.apache.coyote.AbstractProcessorLight.process(AbstractProcessorLight.java:66)
	at org.apache.coyote.AbstractProtocol$ConnectionHandler.process(AbstractProtocol.java:760)
	at org.apache.tomcat.util.net.NioEndpoint$SocketProcessor.run(NioEndpoint.java:1480)
	at java.util.concurrent.ThreadPoolExecutor.runWorker(ThreadPoolExecutor.java:1142)
	at java.util.concurrent.ThreadPoolExecutor$Worker.run(ThreadPoolExecutor.java:617)
	at org.apache.tomcat.util.threads.TaskThread$WrappingRunnable.run(TaskThread.java:61)
	at java.lang.Thread.run(Thread.java:745)
2016-05-18 05:51:02 ERROR http-nio-8080-exec-4 WorkDatabase:findMyPassedTest:542 - Error in Statement
java.sql.SQLException: ORA-00936: missing expression

	at oracle.jdbc.driver.DatabaseError.throwSqlException(DatabaseError.java:124)
	at oracle.jdbc.driver.T4CTTIoer.processError(T4CTTIoer.java:315)
	at oracle.jdbc.driver.T4CTTIoer.processError(T4CTTIoer.java:281)
	at oracle.jdbc.driver.T4C8Oall.receive(T4C8Oall.java:638)
	at oracle.jdbc.driver.T4CStatement.doOall8(T4CStatement.java:112)
	at oracle.jdbc.driver.T4CStatement.execute_for_describe(T4CStatement.java:430)
	at oracle.jdbc.driver.OracleStatement.execute_maybe_describe(OracleStatement.java:964)
	at oracle.jdbc.driver.T4CStatement.execute_maybe_describe(T4CStatement.java:462)
	at oracle.jdbc.driver.OracleStatement.doExecuteWithTimeout(OracleStatement.java:1050)
	at oracle.jdbc.driver.OracleStatement.executeQuery(OracleStatement.java:1183)
	at database.WorkDatabase.findMyPassedTest(WorkDatabase.java:516)
	at quizar.Authorization.doPost(Authorization.java:49)
	at javax.servlet.http.HttpServlet.service(HttpServlet.java:648)
	at javax.servlet.http.HttpServlet.service(HttpServlet.java:729)
	at org.apache.catalina.core.ApplicationFilterChain.internalDoFilter(ApplicationFilterChain.java:230)
	at org.apache.catalina.core.ApplicationFilterChain.doFilter(ApplicationFilterChain.java:165)
	at org.apache.tomcat.websocket.server.WsFilter.doFilter(WsFilter.java:53)
	at org.apache.catalina.core.ApplicationFilterChain.internalDoFilter(ApplicationFilterChain.java:192)
	at org.apache.catalina.core.ApplicationFilterChain.doFilter(ApplicationFilterChain.java:165)
	at filter.EnterLoginPasswordFilter.doFilter(EnterLoginPasswordFilter.java:32)
	at org.apache.catalina.core.ApplicationFilterChain.internalDoFilter(ApplicationFilterChain.java:192)
	at org.apache.catalina.core.ApplicationFilterChain.doFilter(ApplicationFilterChain.java:165)
	at filter.AuthorizationCheckFilter.doFilter(AuthorizationCheckFilter.java:33)
	at org.apache.catalina.core.ApplicationFilterChain.internalDoFilter(ApplicationFilterChain.java:192)
	at org.apache.catalina.core.ApplicationFilterChain.doFilter(ApplicationFilterChain.java:165)
	at filter.CharsetFilter.doFilter(CharsetFilter.java:41)
	at org.apache.catalina.core.ApplicationFilterChain.internalDoFilter(ApplicationFilterChain.java:192)
	at org.apache.catalina.core.ApplicationFilterChain.doFilter(ApplicationFilterChain.java:165)
	at org.apache.catalina.core.StandardWrapperValve.invoke(StandardWrapperValve.java:199)
	at org.apache.catalina.core.StandardContextValve.invoke(StandardContextValve.java:108)
	at org.apache.catalina.authenticator.AuthenticatorBase.invoke(AuthenticatorBase.java:522)
	at org.apache.catalina.core.StandardHostValve.invoke(StandardHostValve.java:140)
	at org.apache.catalina.valves.ErrorReportValve.invoke(ErrorReportValve.java:79)
	at org.apache.catalina.valves.AbstractAccessLogValve.invoke(AbstractAccessLogValve.java:620)
	at org.apache.catalina.core.StandardEngineValve.invoke(StandardEngineValve.java:87)
	at org.apache.catalina.connector.CoyoteAdapter.service(CoyoteAdapter.java:343)
	at org.apache.coyote.http11.Http11Processor.service(Http11Processor.java:1096)
	at org.apache.coyote.AbstractProcessorLight.process(AbstractProcessorLight.java:66)
	at org.apache.coyote.AbstractProtocol$ConnectionHandler.process(AbstractProtocol.java:760)
	at org.apache.tomcat.util.net.NioEndpoint$SocketProcessor.run(NioEndpoint.java:1480)
	at java.util.concurrent.ThreadPoolExecutor.runWorker(ThreadPoolExecutor.java:1142)
	at java.util.concurrent.ThreadPoolExecutor$Worker.run(ThreadPoolExecutor.java:617)
	at org.apache.tomcat.util.threads.TaskThread$WrappingRunnable.run(TaskThread.java:61)
	at java.lang.Thread.run(Thread.java:745)
2016-05-18 05:52:09 ERROR http-nio-8080-exec-4 WorkDatabase:findMyPassedTest:542 - Error in Statement
java.sql.SQLException: ORA-01791: not a SELECTed expression

	at oracle.jdbc.driver.DatabaseError.throwSqlException(DatabaseError.java:124)
	at oracle.jdbc.driver.T4CTTIoer.processError(T4CTTIoer.java:315)
	at oracle.jdbc.driver.T4CTTIoer.processError(T4CTTIoer.java:281)
	at oracle.jdbc.driver.T4C8Oall.receive(T4C8Oall.java:638)
	at oracle.jdbc.driver.T4CStatement.doOall8(T4CStatement.java:112)
	at oracle.jdbc.driver.T4CStatement.execute_for_describe(T4CStatement.java:430)
	at oracle.jdbc.driver.OracleStatement.execute_maybe_describe(OracleStatement.java:964)
	at oracle.jdbc.driver.T4CStatement.execute_maybe_describe(T4CStatement.java:462)
	at oracle.jdbc.driver.OracleStatement.doExecuteWithTimeout(OracleStatement.java:1050)
	at oracle.jdbc.driver.OracleStatement.executeQuery(OracleStatement.java:1183)
	at database.WorkDatabase.findMyPassedTest(WorkDatabase.java:516)
	at quizar.Authorization.doPost(Authorization.java:49)
	at javax.servlet.http.HttpServlet.service(HttpServlet.java:648)
	at javax.servlet.http.HttpServlet.service(HttpServlet.java:729)
	at org.apache.catalina.core.ApplicationFilterChain.internalDoFilter(ApplicationFilterChain.java:230)
	at org.apache.catalina.core.ApplicationFilterChain.doFilter(ApplicationFilterChain.java:165)
	at org.apache.tomcat.websocket.server.WsFilter.doFilter(WsFilter.java:53)
	at org.apache.catalina.core.ApplicationFilterChain.internalDoFilter(ApplicationFilterChain.java:192)
	at org.apache.catalina.core.ApplicationFilterChain.doFilter(ApplicationFilterChain.java:165)
	at filter.EnterLoginPasswordFilter.doFilter(EnterLoginPasswordFilter.java:32)
	at org.apache.catalina.core.ApplicationFilterChain.internalDoFilter(ApplicationFilterChain.java:192)
	at org.apache.catalina.core.ApplicationFilterChain.doFilter(ApplicationFilterChain.java:165)
	at filter.AuthorizationCheckFilter.doFilter(AuthorizationCheckFilter.java:33)
	at org.apache.catalina.core.ApplicationFilterChain.internalDoFilter(ApplicationFilterChain.java:192)
	at org.apache.catalina.core.ApplicationFilterChain.doFilter(ApplicationFilterChain.java:165)
	at filter.CharsetFilter.doFilter(CharsetFilter.java:41)
	at org.apache.catalina.core.ApplicationFilterChain.internalDoFilter(ApplicationFilterChain.java:192)
	at org.apache.catalina.core.ApplicationFilterChain.doFilter(ApplicationFilterChain.java:165)
	at org.apache.catalina.core.StandardWrapperValve.invoke(StandardWrapperValve.java:199)
	at org.apache.catalina.core.StandardContextValve.invoke(StandardContextValve.java:108)
	at org.apache.catalina.authenticator.AuthenticatorBase.invoke(AuthenticatorBase.java:522)
	at org.apache.catalina.core.StandardHostValve.invoke(StandardHostValve.java:140)
	at org.apache.catalina.valves.ErrorReportValve.invoke(ErrorReportValve.java:79)
	at org.apache.catalina.valves.AbstractAccessLogValve.invoke(AbstractAccessLogValve.java:620)
	at org.apache.catalina.core.StandardEngineValve.invoke(StandardEngineValve.java:87)
	at org.apache.catalina.connector.CoyoteAdapter.service(CoyoteAdapter.java:343)
	at org.apache.coyote.http11.Http11Processor.service(Http11Processor.java:1096)
	at org.apache.coyote.AbstractProcessorLight.process(AbstractProcessorLight.java:66)
	at org.apache.coyote.AbstractProtocol$ConnectionHandler.process(AbstractProtocol.java:760)
	at org.apache.tomcat.util.net.NioEndpoint$SocketProcessor.run(NioEndpoint.java:1480)
	at java.util.concurrent.ThreadPoolExecutor.runWorker(ThreadPoolExecutor.java:1142)
	at java.util.concurrent.ThreadPoolExecutor$Worker.run(ThreadPoolExecutor.java:617)
	at org.apache.tomcat.util.threads.TaskThread$WrappingRunnable.run(TaskThread.java:61)
	at java.lang.Thread.run(Thread.java:745)
2016-05-18 06:01:44 ERROR http-nio-8080-exec-4 WorkDatabase:findMyPassedTest:542 - Error in Statement
java.sql.SQLException: ORA-00979: not a GROUP BY expression

	at oracle.jdbc.driver.DatabaseError.throwSqlException(DatabaseError.java:124)
	at oracle.jdbc.driver.T4CTTIoer.processError(T4CTTIoer.java:315)
	at oracle.jdbc.driver.T4CTTIoer.processError(T4CTTIoer.java:281)
	at oracle.jdbc.driver.T4C8Oall.receive(T4C8Oall.java:638)
	at oracle.jdbc.driver.T4CStatement.doOall8(T4CStatement.java:112)
	at oracle.jdbc.driver.T4CStatement.execute_for_describe(T4CStatement.java:430)
	at oracle.jdbc.driver.OracleStatement.execute_maybe_describe(OracleStatement.java:964)
	at oracle.jdbc.driver.T4CStatement.execute_maybe_describe(T4CStatement.java:462)
	at oracle.jdbc.driver.OracleStatement.doExecuteWithTimeout(OracleStatement.java:1050)
	at oracle.jdbc.driver.OracleStatement.executeQuery(OracleStatement.java:1183)
	at database.WorkDatabase.findMyPassedTest(WorkDatabase.java:516)
	at quizar.Authorization.doPost(Authorization.java:49)
	at javax.servlet.http.HttpServlet.service(HttpServlet.java:648)
	at javax.servlet.http.HttpServlet.service(HttpServlet.java:729)
	at org.apache.catalina.core.ApplicationFilterChain.internalDoFilter(ApplicationFilterChain.java:230)
	at org.apache.catalina.core.ApplicationFilterChain.doFilter(ApplicationFilterChain.java:165)
	at org.apache.tomcat.websocket.server.WsFilter.doFilter(WsFilter.java:53)
	at org.apache.catalina.core.ApplicationFilterChain.internalDoFilter(ApplicationFilterChain.java:192)
	at org.apache.catalina.core.ApplicationFilterChain.doFilter(ApplicationFilterChain.java:165)
	at filter.EnterLoginPasswordFilter.doFilter(EnterLoginPasswordFilter.java:32)
	at org.apache.catalina.core.ApplicationFilterChain.internalDoFilter(ApplicationFilterChain.java:192)
	at org.apache.catalina.core.ApplicationFilterChain.doFilter(ApplicationFilterChain.java:165)
	at filter.AuthorizationCheckFilter.doFilter(AuthorizationCheckFilter.java:33)
	at org.apache.catalina.core.ApplicationFilterChain.internalDoFilter(ApplicationFilterChain.java:192)
	at org.apache.catalina.core.ApplicationFilterChain.doFilter(ApplicationFilterChain.java:165)
	at filter.CharsetFilter.doFilter(CharsetFilter.java:41)
	at org.apache.catalina.core.ApplicationFilterChain.internalDoFilter(ApplicationFilterChain.java:192)
	at org.apache.catalina.core.ApplicationFilterChain.doFilter(ApplicationFilterChain.java:165)
	at org.apache.catalina.core.StandardWrapperValve.invoke(StandardWrapperValve.java:199)
	at org.apache.catalina.core.StandardContextValve.invoke(StandardContextValve.java:108)
	at org.apache.catalina.authenticator.AuthenticatorBase.invoke(AuthenticatorBase.java:522)
	at org.apache.catalina.core.StandardHostValve.invoke(StandardHostValve.java:140)
	at org.apache.catalina.valves.ErrorReportValve.invoke(ErrorReportValve.java:79)
	at org.apache.catalina.valves.AbstractAccessLogValve.invoke(AbstractAccessLogValve.java:620)
	at org.apache.catalina.core.StandardEngineValve.invoke(StandardEngineValve.java:87)
	at org.apache.catalina.connector.CoyoteAdapter.service(CoyoteAdapter.java:343)
	at org.apache.coyote.http11.Http11Processor.service(Http11Processor.java:1096)
	at org.apache.coyote.AbstractProcessorLight.process(AbstractProcessorLight.java:66)
	at org.apache.coyote.AbstractProtocol$ConnectionHandler.process(AbstractProtocol.java:760)
	at org.apache.tomcat.util.net.NioEndpoint$SocketProcessor.run(NioEndpoint.java:1480)
	at java.util.concurrent.ThreadPoolExecutor.runWorker(ThreadPoolExecutor.java:1142)
	at java.util.concurrent.ThreadPoolExecutor$Worker.run(ThreadPoolExecutor.java:617)
	at org.apache.tomcat.util.threads.TaskThread$WrappingRunnable.run(TaskThread.java:61)
	at java.lang.Thread.run(Thread.java:745)
2016-05-18 06:03:09 ERROR http-nio-8080-exec-4 WorkDatabase:findMyPassedTest:543 - Error in Statement
java.sql.SQLException: ORA-00933: SQL command not properly ended

	at oracle.jdbc.driver.DatabaseError.throwSqlException(DatabaseError.java:124)
	at oracle.jdbc.driver.T4CTTIoer.processError(T4CTTIoer.java:315)
	at oracle.jdbc.driver.T4CTTIoer.processError(T4CTTIoer.java:281)
	at oracle.jdbc.driver.T4C8Oall.receive(T4C8Oall.java:638)
	at oracle.jdbc.driver.T4CStatement.doOall8(T4CStatement.java:112)
	at oracle.jdbc.driver.T4CStatement.execute_for_describe(T4CStatement.java:430)
	at oracle.jdbc.driver.OracleStatement.execute_maybe_describe(OracleStatement.java:964)
	at oracle.jdbc.driver.T4CStatement.execute_maybe_describe(T4CStatement.java:462)
	at oracle.jdbc.driver.OracleStatement.doExecuteWithTimeout(OracleStatement.java:1050)
	at oracle.jdbc.driver.OracleStatement.executeQuery(OracleStatement.java:1183)
	at database.WorkDatabase.findMyPassedTest(WorkDatabase.java:516)
	at quizar.Authorization.doPost(Authorization.java:49)
	at javax.servlet.http.HttpServlet.service(HttpServlet.java:648)
	at javax.servlet.http.HttpServlet.service(HttpServlet.java:729)
	at org.apache.catalina.core.ApplicationFilterChain.internalDoFilter(ApplicationFilterChain.java:230)
	at org.apache.catalina.core.ApplicationFilterChain.doFilter(ApplicationFilterChain.java:165)
	at org.apache.tomcat.websocket.server.WsFilter.doFilter(WsFilter.java:53)
	at org.apache.catalina.core.ApplicationFilterChain.internalDoFilter(ApplicationFilterChain.java:192)
	at org.apache.catalina.core.ApplicationFilterChain.doFilter(ApplicationFilterChain.java:165)
	at filter.EnterLoginPasswordFilter.doFilter(EnterLoginPasswordFilter.java:32)
	at org.apache.catalina.core.ApplicationFilterChain.internalDoFilter(ApplicationFilterChain.java:192)
	at org.apache.catalina.core.ApplicationFilterChain.doFilter(ApplicationFilterChain.java:165)
	at filter.AuthorizationCheckFilter.doFilter(AuthorizationCheckFilter.java:33)
	at org.apache.catalina.core.ApplicationFilterChain.internalDoFilter(ApplicationFilterChain.java:192)
	at org.apache.catalina.core.ApplicationFilterChain.doFilter(ApplicationFilterChain.java:165)
	at filter.CharsetFilter.doFilter(CharsetFilter.java:41)
	at org.apache.catalina.core.ApplicationFilterChain.internalDoFilter(ApplicationFilterChain.java:192)
	at org.apache.catalina.core.ApplicationFilterChain.doFilter(ApplicationFilterChain.java:165)
	at org.apache.catalina.core.StandardWrapperValve.invoke(StandardWrapperValve.java:199)
	at org.apache.catalina.core.StandardContextValve.invoke(StandardContextValve.java:108)
	at org.apache.catalina.authenticator.AuthenticatorBase.invoke(AuthenticatorBase.java:522)
	at org.apache.catalina.core.StandardHostValve.invoke(StandardHostValve.java:140)
	at org.apache.catalina.valves.ErrorReportValve.invoke(ErrorReportValve.java:79)
	at org.apache.catalina.valves.AbstractAccessLogValve.invoke(AbstractAccessLogValve.java:620)
	at org.apache.catalina.core.StandardEngineValve.invoke(StandardEngineValve.java:87)
	at org.apache.catalina.connector.CoyoteAdapter.service(CoyoteAdapter.java:343)
	at org.apache.coyote.http11.Http11Processor.service(Http11Processor.java:1096)
	at org.apache.coyote.AbstractProcessorLight.process(AbstractProcessorLight.java:66)
	at org.apache.coyote.AbstractProtocol$ConnectionHandler.process(AbstractProtocol.java:760)
	at org.apache.tomcat.util.net.NioEndpoint$SocketProcessor.run(NioEndpoint.java:1480)
	at java.util.concurrent.ThreadPoolExecutor.runWorker(ThreadPoolExecutor.java:1142)
	at java.util.concurrent.ThreadPoolExecutor$Worker.run(ThreadPoolExecutor.java:617)
	at org.apache.tomcat.util.threads.TaskThread$WrappingRunnable.run(TaskThread.java:61)
	at java.lang.Thread.run(Thread.java:745)
2016-05-18 06:05:23 ERROR http-nio-8080-exec-4 WorkDatabase:findMyPassedTest:543 - Error in Statement
java.sql.SQLException: ORA-00979: not a GROUP BY expression

	at oracle.jdbc.driver.DatabaseError.throwSqlException(DatabaseError.java:124)
	at oracle.jdbc.driver.T4CTTIoer.processError(T4CTTIoer.java:315)
	at oracle.jdbc.driver.T4CTTIoer.processError(T4CTTIoer.java:281)
	at oracle.jdbc.driver.T4C8Oall.receive(T4C8Oall.java:638)
	at oracle.jdbc.driver.T4CStatement.doOall8(T4CStatement.java:112)
	at oracle.jdbc.driver.T4CStatement.execute_for_describe(T4CStatement.java:430)
	at oracle.jdbc.driver.OracleStatement.execute_maybe_describe(OracleStatement.java:964)
	at oracle.jdbc.driver.T4CStatement.execute_maybe_describe(T4CStatement.java:462)
	at oracle.jdbc.driver.OracleStatement.doExecuteWithTimeout(OracleStatement.java:1050)
	at oracle.jdbc.driver.OracleStatement.executeQuery(OracleStatement.java:1183)
	at database.WorkDatabase.findMyPassedTest(WorkDatabase.java:516)
	at quizar.Authorization.doPost(Authorization.java:49)
	at javax.servlet.http.HttpServlet.service(HttpServlet.java:648)
	at javax.servlet.http.HttpServlet.service(HttpServlet.java:729)
	at org.apache.catalina.core.ApplicationFilterChain.internalDoFilter(ApplicationFilterChain.java:230)
	at org.apache.catalina.core.ApplicationFilterChain.doFilter(ApplicationFilterChain.java:165)
	at org.apache.tomcat.websocket.server.WsFilter.doFilter(WsFilter.java:53)
	at org.apache.catalina.core.ApplicationFilterChain.internalDoFilter(ApplicationFilterChain.java:192)
	at org.apache.catalina.core.ApplicationFilterChain.doFilter(ApplicationFilterChain.java:165)
	at filter.EnterLoginPasswordFilter.doFilter(EnterLoginPasswordFilter.java:32)
	at org.apache.catalina.core.ApplicationFilterChain.internalDoFilter(ApplicationFilterChain.java:192)
	at org.apache.catalina.core.ApplicationFilterChain.doFilter(ApplicationFilterChain.java:165)
	at filter.AuthorizationCheckFilter.doFilter(AuthorizationCheckFilter.java:33)
	at org.apache.catalina.core.ApplicationFilterChain.internalDoFilter(ApplicationFilterChain.java:192)
	at org.apache.catalina.core.ApplicationFilterChain.doFilter(ApplicationFilterChain.java:165)
	at filter.CharsetFilter.doFilter(CharsetFilter.java:41)
	at org.apache.catalina.core.ApplicationFilterChain.internalDoFilter(ApplicationFilterChain.java:192)
	at org.apache.catalina.core.ApplicationFilterChain.doFilter(ApplicationFilterChain.java:165)
	at org.apache.catalina.core.StandardWrapperValve.invoke(StandardWrapperValve.java:199)
	at org.apache.catalina.core.StandardContextValve.invoke(StandardContextValve.java:108)
	at org.apache.catalina.authenticator.AuthenticatorBase.invoke(AuthenticatorBase.java:522)
	at org.apache.catalina.core.StandardHostValve.invoke(StandardHostValve.java:140)
	at org.apache.catalina.valves.ErrorReportValve.invoke(ErrorReportValve.java:79)
	at org.apache.catalina.valves.AbstractAccessLogValve.invoke(AbstractAccessLogValve.java:620)
	at org.apache.catalina.core.StandardEngineValve.invoke(StandardEngineValve.java:87)
	at org.apache.catalina.connector.CoyoteAdapter.service(CoyoteAdapter.java:343)
	at org.apache.coyote.http11.Http11Processor.service(Http11Processor.java:1096)
	at org.apache.coyote.AbstractProcessorLight.process(AbstractProcessorLight.java:66)
	at org.apache.coyote.AbstractProtocol$ConnectionHandler.process(AbstractProtocol.java:760)
	at org.apache.tomcat.util.net.NioEndpoint$SocketProcessor.run(NioEndpoint.java:1480)
	at java.util.concurrent.ThreadPoolExecutor.runWorker(ThreadPoolExecutor.java:1142)
	at java.util.concurrent.ThreadPoolExecutor$Worker.run(ThreadPoolExecutor.java:617)
	at org.apache.tomcat.util.threads.TaskThread$WrappingRunnable.run(TaskThread.java:61)
	at java.lang.Thread.run(Thread.java:745)
2016-05-18 06:06:49 ERROR http-nio-8080-exec-4 WorkDatabase:findMyPassedTest:543 - Error in Statement
java.sql.SQLException: ORA-00979: not a GROUP BY expression

	at oracle.jdbc.driver.DatabaseError.throwSqlException(DatabaseError.java:124)
	at oracle.jdbc.driver.T4CTTIoer.processError(T4CTTIoer.java:315)
	at oracle.jdbc.driver.T4CTTIoer.processError(T4CTTIoer.java:281)
	at oracle.jdbc.driver.T4C8Oall.receive(T4C8Oall.java:638)
	at oracle.jdbc.driver.T4CStatement.doOall8(T4CStatement.java:112)
	at oracle.jdbc.driver.T4CStatement.execute_for_describe(T4CStatement.java:430)
	at oracle.jdbc.driver.OracleStatement.execute_maybe_describe(OracleStatement.java:964)
	at oracle.jdbc.driver.T4CStatement.execute_maybe_describe(T4CStatement.java:462)
	at oracle.jdbc.driver.OracleStatement.doExecuteWithTimeout(OracleStatement.java:1050)
	at oracle.jdbc.driver.OracleStatement.executeQuery(OracleStatement.java:1183)
	at database.WorkDatabase.findMyPassedTest(WorkDatabase.java:516)
	at quizar.Authorization.doPost(Authorization.java:49)
	at javax.servlet.http.HttpServlet.service(HttpServlet.java:648)
	at javax.servlet.http.HttpServlet.service(HttpServlet.java:729)
	at org.apache.catalina.core.ApplicationFilterChain.internalDoFilter(ApplicationFilterChain.java:230)
	at org.apache.catalina.core.ApplicationFilterChain.doFilter(ApplicationFilterChain.java:165)
	at org.apache.tomcat.websocket.server.WsFilter.doFilter(WsFilter.java:53)
	at org.apache.catalina.core.ApplicationFilterChain.internalDoFilter(ApplicationFilterChain.java:192)
	at org.apache.catalina.core.ApplicationFilterChain.doFilter(ApplicationFilterChain.java:165)
	at filter.EnterLoginPasswordFilter.doFilter(EnterLoginPasswordFilter.java:32)
	at org.apache.catalina.core.ApplicationFilterChain.internalDoFilter(ApplicationFilterChain.java:192)
	at org.apache.catalina.core.ApplicationFilterChain.doFilter(ApplicationFilterChain.java:165)
	at filter.AuthorizationCheckFilter.doFilter(AuthorizationCheckFilter.java:33)
	at org.apache.catalina.core.ApplicationFilterChain.internalDoFilter(ApplicationFilterChain.java:192)
	at org.apache.catalina.core.ApplicationFilterChain.doFilter(ApplicationFilterChain.java:165)
	at filter.CharsetFilter.doFilter(CharsetFilter.java:41)
	at org.apache.catalina.core.ApplicationFilterChain.internalDoFilter(ApplicationFilterChain.java:192)
	at org.apache.catalina.core.ApplicationFilterChain.doFilter(ApplicationFilterChain.java:165)
	at org.apache.catalina.core.StandardWrapperValve.invoke(StandardWrapperValve.java:199)
	at org.apache.catalina.core.StandardContextValve.invoke(StandardContextValve.java:108)
	at org.apache.catalina.authenticator.AuthenticatorBase.invoke(AuthenticatorBase.java:522)
	at org.apache.catalina.core.StandardHostValve.invoke(StandardHostValve.java:140)
	at org.apache.catalina.valves.ErrorReportValve.invoke(ErrorReportValve.java:79)
	at org.apache.catalina.valves.AbstractAccessLogValve.invoke(AbstractAccessLogValve.java:620)
	at org.apache.catalina.core.StandardEngineValve.invoke(StandardEngineValve.java:87)
	at org.apache.catalina.connector.CoyoteAdapter.service(CoyoteAdapter.java:343)
	at org.apache.coyote.http11.Http11Processor.service(Http11Processor.java:1096)
	at org.apache.coyote.AbstractProcessorLight.process(AbstractProcessorLight.java:66)
	at org.apache.coyote.AbstractProtocol$ConnectionHandler.process(AbstractProtocol.java:760)
	at org.apache.tomcat.util.net.NioEndpoint$SocketProcessor.run(NioEndpoint.java:1480)
	at java.util.concurrent.ThreadPoolExecutor.runWorker(ThreadPoolExecutor.java:1142)
	at java.util.concurrent.ThreadPoolExecutor$Worker.run(ThreadPoolExecutor.java:617)
	at org.apache.tomcat.util.threads.TaskThread$WrappingRunnable.run(TaskThread.java:61)
	at java.lang.Thread.run(Thread.java:745)
